{"C:\\Users\\Χριστίνα\\Desktop\\cf9-backend2\\src\\controller\\user.controller.ts": {"path":"C:\\Users\\Χριστίνα\\Desktop\\cf9-backend2\\src\\controller\\user.controller.ts","statementMap":{"0":{"start":{"line":2,"column":0},"end":{"line":2,"column":56}},"1":{"start":{"line":5,"column":22},"end":{"line":12,"column":1}},"2":{"start":{"line":6,"column":2},"end":{"line":11,"column":3}},"3":{"start":{"line":7,"column":19},"end":{"line":7,"column":48}},"4":{"start":{"line":8,"column":4},"end":{"line":8,"column":33}},"5":{"start":{"line":10,"column":4},"end":{"line":10,"column":null}},"6":{"start":{"line":5,"column":13},"end":{"line":5,"column":22}},"7":{"start":{"line":14,"column":29},"end":{"line":24,"column":1}},"8":{"start":{"line":15,"column":2},"end":{"line":23,"column":3}},"9":{"start":{"line":16,"column":25},"end":{"line":16,"column":41}},"10":{"start":{"line":17,"column":19},"end":{"line":17,"column":59}},"11":{"start":{"line":18,"column":4},"end":{"line":19,"column":72}},"12":{"start":{"line":19,"column":6},"end":{"line":19,"column":72}},"13":{"start":{"line":20,"column":4},"end":{"line":20,"column":33}},"14":{"start":{"line":22,"column":4},"end":{"line":22,"column":null}},"15":{"start":{"line":14,"column":13},"end":{"line":14,"column":29}},"16":{"start":{"line":26,"column":22},"end":{"line":34,"column":1}},"17":{"start":{"line":27,"column":2},"end":{"line":33,"column":3}},"18":{"start":{"line":28,"column":17},"end":{"line":28,"column":55}},"19":{"start":{"line":29,"column":4},"end":{"line":29,"column":58}},"20":{"start":{"line":31,"column":4},"end":{"line":31,"column":21}},"21":{"start":{"line":32,"column":4},"end":{"line":32,"column":21}},"22":{"start":{"line":26,"column":13},"end":{"line":26,"column":22}},"23":{"start":{"line":36,"column":22},"end":{"line":47,"column":1}},"24":{"start":{"line":37,"column":2},"end":{"line":46,"column":3}},"25":{"start":{"line":38,"column":28},"end":{"line":38,"column":47}},"26":{"start":{"line":39,"column":31},"end":{"line":39,"column":39}},"27":{"start":{"line":40,"column":19},"end":{"line":40,"column":63}},"28":{"start":{"line":41,"column":4},"end":{"line":42,"column":null}},"29":{"start":{"line":42,"column":6},"end":{"line":42,"column":null}},"30":{"start":{"line":43,"column":4},"end":{"line":43,"column":33}},"31":{"start":{"line":45,"column":4},"end":{"line":45,"column":null}},"32":{"start":{"line":36,"column":13},"end":{"line":36,"column":22}}},"fnMap":{"0":{"name":"(anonymous_9)","decl":{"start":{"line":5,"column":22},"end":{"line":5,"column":27}},"loc":{"start":{"line":5,"column":79},"end":{"line":12,"column":1}}},"1":{"name":"(anonymous_10)","decl":{"start":{"line":14,"column":29},"end":{"line":14,"column":34}},"loc":{"start":{"line":14,"column":87},"end":{"line":24,"column":1}}},"2":{"name":"(anonymous_11)","decl":{"start":{"line":26,"column":22},"end":{"line":26,"column":27}},"loc":{"start":{"line":26,"column":76},"end":{"line":34,"column":1}}},"3":{"name":"(anonymous_12)","decl":{"start":{"line":36,"column":22},"end":{"line":36,"column":27}},"loc":{"start":{"line":36,"column":76},"end":{"line":47,"column":1}}}},"branchMap":{"0":{"loc":{"start":{"line":18,"column":4},"end":{"line":19,"column":72}},"type":"if","locations":[{"start":{"line":18,"column":4},"end":{"line":19,"column":72}},{"start":{},"end":{}}]},"1":{"loc":{"start":{"line":41,"column":4},"end":{"line":42,"column":null}},"type":"if","locations":[{"start":{"line":41,"column":4},"end":{"line":42,"column":null}},{"start":{},"end":{}}]}},"s":{"0":1,"1":1,"2":1,"3":1,"4":1,"5":0,"6":1,"7":1,"8":0,"9":0,"10":0,"11":0,"12":0,"13":0,"14":0,"15":1,"16":1,"17":1,"18":1,"19":0,"20":0,"21":0,"22":1,"23":1,"24":0,"25":0,"26":0,"27":0,"28":0,"29":0,"30":0,"31":0,"32":1},"f":{"0":1,"1":0,"2":1,"3":0},"b":{"0":[0,0],"1":[0,0]}}
,"C:\\Users\\Χριστίνα\\Desktop\\cf9-backend2\\src\\dao\\user.dao.ts": {"path":"C:\\Users\\Χριστίνα\\Desktop\\cf9-backend2\\src\\dao\\user.dao.ts","statementMap":{"0":{"start":{"line":1,"column":0},"end":{"line":1,"column":49}},"1":{"start":{"line":3,"column":23},"end":{"line":5,"column":1}},"2":{"start":{"line":4,"column":2},"end":{"line":4,"column":59}},"3":{"start":{"line":3,"column":13},"end":{"line":3,"column":23}},"4":{"start":{"line":7,"column":27},"end":{"line":9,"column":1}},"5":{"start":{"line":8,"column":2},"end":{"line":8,"column":76}},"6":{"start":{"line":7,"column":13},"end":{"line":7,"column":27}},"7":{"start":{"line":11,"column":26},"end":{"line":14,"column":1}},"8":{"start":{"line":12,"column":15},"end":{"line":12,"column":29}},"9":{"start":{"line":13,"column":2},"end":{"line":13,"column":27}},"10":{"start":{"line":11,"column":13},"end":{"line":11,"column":26}},"11":{"start":{"line":16,"column":26},"end":{"line":18,"column":1}},"12":{"start":{"line":17,"column":2},"end":{"line":17,"column":113}},"13":{"start":{"line":16,"column":13},"end":{"line":16,"column":26}}},"fnMap":{"0":{"name":"(anonymous_1)","decl":{"start":{"line":3,"column":23},"end":{"line":3,"column":28}},"loc":{"start":{"line":3,"column":50},"end":{"line":5,"column":1}}},"1":{"name":"(anonymous_2)","decl":{"start":{"line":7,"column":27},"end":{"line":7,"column":32}},"loc":{"start":{"line":7,"column":72},"end":{"line":9,"column":1}}},"2":{"name":"(anonymous_3)","decl":{"start":{"line":11,"column":26},"end":{"line":11,"column":31}},"loc":{"start":{"line":11,"column":72},"end":{"line":14,"column":1}}},"3":{"name":"(anonymous_4)","decl":{"start":{"line":16,"column":26},"end":{"line":16,"column":31}},"loc":{"start":{"line":16,"column":99},"end":{"line":18,"column":1}}}},"branchMap":{},"s":{"0":1,"1":1,"2":1,"3":1,"4":1,"5":0,"6":1,"7":1,"8":0,"9":0,"10":1,"11":1,"12":0,"13":1},"f":{"0":1,"1":0,"2":0,"3":0},"b":{}}
,"C:\\Users\\Χριστίνα\\Desktop\\cf9-backend2\\src\\middlewares\\auth.middleware.ts": {"path":"C:\\Users\\Χριστίνα\\Desktop\\cf9-backend2\\src\\middlewares\\auth.middleware.ts","statementMap":{"0":{"start":{"line":2,"column":0},"end":{"line":2,"column":47}},"1":{"start":{"line":3,"column":0},"end":{"line":3,"column":28}},"2":{"start":{"line":5,"column":0},"end":{"line":5,"column":16}},"3":{"start":{"line":13,"column":19},"end":{"line":13,"column":55}},"4":{"start":{"line":15,"column":28},"end":{"line":39,"column":1}},"5":{"start":{"line":16,"column":17},"end":{"line":16,"column":42}},"6":{"start":{"line":18,"column":2},"end":{"line":21,"column":3}},"7":{"start":{"line":19,"column":4},"end":{"line":19,"column":79}},"8":{"start":{"line":20,"column":4},"end":{"line":20,"column":11}},"9":{"start":{"line":23,"column":16},"end":{"line":23,"column":36}},"10":{"start":{"line":26,"column":2},"end":{"line":28,"column":3}},"11":{"start":{"line":27,"column":4},"end":{"line":27,"column":75}},"12":{"start":{"line":30,"column":2},"end":{"line":38,"column":3}},"13":{"start":{"line":31,"column":20},"end":{"line":31,"column":49}},"14":{"start":{"line":33,"column":4},"end":{"line":33,"column":23}},"15":{"start":{"line":35,"column":4},"end":{"line":35,"column":null}},"16":{"start":{"line":37,"column":4},"end":{"line":37,"column":64}},"17":{"start":{"line":15,"column":13},"end":{"line":15,"column":28}}},"fnMap":{"0":{"name":"(anonymous_1)","decl":{"start":{"line":15,"column":28},"end":{"line":15,"column":29}},"loc":{"start":{"line":15,"column":80},"end":{"line":39,"column":1}}}},"branchMap":{"0":{"loc":{"start":{"line":13,"column":19},"end":{"line":13,"column":55}},"type":"binary-expr","locations":[{"start":{"line":13,"column":19},"end":{"line":13,"column":41}},{"start":{"line":13,"column":45},"end":{"line":13,"column":55}}]},"1":{"loc":{"start":{"line":18,"column":2},"end":{"line":21,"column":3}},"type":"if","locations":[{"start":{"line":18,"column":2},"end":{"line":21,"column":3}},{"start":{},"end":{}}]},"2":{"loc":{"start":{"line":18,"column":6},"end":{"line":18,"column":46}},"type":"binary-expr","locations":[{"start":{"line":18,"column":6},"end":{"line":18,"column":13}},{"start":{"line":18,"column":17},"end":{"line":18,"column":46}}]},"3":{"loc":{"start":{"line":26,"column":2},"end":{"line":28,"column":3}},"type":"if","locations":[{"start":{"line":26,"column":2},"end":{"line":28,"column":3}},{"start":{},"end":{}}]}},"s":{"0":1,"1":1,"2":1,"3":1,"4":1,"5":1,"6":1,"7":0,"8":0,"9":1,"10":1,"11":0,"12":1,"13":1,"14":1,"15":1,"16":0,"17":1},"f":{"0":1},"b":{"0":[1,0],"1":[0,1],"2":[1,1],"3":[0,1]}}
,"C:\\Users\\Χριστίνα\\Desktop\\cf9-backend2\\src\\middlewares\\user.middleware.ts": {"path":"C:\\Users\\Χριστίνα\\Desktop\\cf9-backend2\\src\\middlewares\\user.middleware.ts","statementMap":{"0":{"start":{"line":4,"column":29},"end":{"line":15,"column":1}},"1":{"start":{"line":5,"column":2},"end":{"line":14,"column":3}},"2":{"start":{"line":6,"column":4},"end":{"line":6,"column":41}},"3":{"start":{"line":7,"column":28},"end":{"line":7,"column":91}},"4":{"start":{"line":7,"column":61},"end":{"line":7,"column":90}},"5":{"start":{"line":8,"column":4},"end":{"line":10,"column":5}},"6":{"start":{"line":9,"column":6},"end":{"line":9,"column":67}},"7":{"start":{"line":11,"column":4},"end":{"line":11,"column":11}},"8":{"start":{"line":13,"column":4},"end":{"line":13,"column":null}},"9":{"start":{"line":4,"column":13},"end":{"line":4,"column":29}}},"fnMap":{"0":{"name":"(anonymous_0)","decl":{"start":{"line":4,"column":29},"end":{"line":4,"column":30}},"loc":{"start":{"line":4,"column":81},"end":{"line":15,"column":1}}},"1":{"name":"(anonymous_1)","decl":{"start":{"line":7,"column":48},"end":{"line":7,"column":49}},"loc":{"start":{"line":7,"column":61},"end":{"line":7,"column":90}}}},"branchMap":{"0":{"loc":{"start":{"line":7,"column":61},"end":{"line":7,"column":90}},"type":"binary-expr","locations":[{"start":{"line":7,"column":61},"end":{"line":7,"column":78}},{"start":{"line":7,"column":82},"end":{"line":7,"column":90}}]},"1":{"loc":{"start":{"line":8,"column":4},"end":{"line":10,"column":5}},"type":"if","locations":[{"start":{"line":8,"column":4},"end":{"line":10,"column":5}},{"start":{},"end":{}}]}},"s":{"0":1,"1":1,"2":1,"3":1,"4":0,"5":1,"6":1,"7":1,"8":0,"9":1},"f":{"0":1,"1":0},"b":{"0":[0,0],"1":[1,0]}}
,"C:\\Users\\Χριστίνα\\Desktop\\cf9-backend2\\src\\middlewares\\validate.middleware.ts": {"path":"C:\\Users\\Χριστίνα\\Desktop\\cf9-backend2\\src\\middlewares\\validate.middleware.ts","statementMap":{"0":{"start":{"line":4,"column":24},"end":{"line":18,"column":1}},"1":{"start":{"line":5,"column":2},"end":{"line":17,"column":null}},"2":{"start":{"line":6,"column":4},"end":{"line":16,"column":5}},"3":{"start":{"line":7,"column":25},"end":{"line":11,"column":8}},"4":{"start":{"line":12,"column":6},"end":{"line":12,"column":36}},"5":{"start":{"line":13,"column":6},"end":{"line":13,"column":13}},"6":{"start":{"line":15,"column":6},"end":{"line":15,"column":null}},"7":{"start":{"line":4,"column":13},"end":{"line":4,"column":24}}},"fnMap":{"0":{"name":"(anonymous_0)","decl":{"start":{"line":4,"column":24},"end":{"line":4,"column":25}},"loc":{"start":{"line":4,"column":51},"end":{"line":18,"column":1}}},"1":{"name":"(anonymous_1)","decl":{"start":{"line":5,"column":9},"end":{"line":5,"column":10}},"loc":{"start":{"line":5,"column":61},"end":{"line":17,"column":3}}}},"branchMap":{"0":{"loc":{"start":{"line":15,"column":44},"end":{"line":15,"column":93}},"type":"binary-expr","locations":[{"start":{"line":15,"column":44},"end":{"line":15,"column":55}},{"start":{"line":15,"column":59},"end":{"line":15,"column":71}},{"start":{"line":15,"column":75},"end":{"line":15,"column":93}}]}},"s":{"0":1,"1":1,"2":1,"3":1,"4":1,"5":1,"6":0,"7":1},"f":{"0":1,"1":1},"b":{"0":[0,0,0]}}
,"C:\\Users\\Χριστίνα\\Desktop\\cf9-backend2\\src\\models\\role.model.ts": {"path":"C:\\Users\\Χριστίνα\\Desktop\\cf9-backend2\\src\\models\\role.model.ts","statementMap":{"0":{"start":{"line":1,"column":0},"end":{"line":1,"column":58}},"1":{"start":{"line":11,"column":19},"end":{"line":18,"column":2}},"2":{"start":{"line":20,"column":0},"end":{"line":20,"column":48}}},"fnMap":{},"branchMap":{},"s":{"0":1,"1":1,"2":1},"f":{},"b":{}}
,"C:\\Users\\Χριστίνα\\Desktop\\cf9-backend2\\src\\models\\user.model.ts": {"path":"C:\\Users\\Χριστίνα\\Desktop\\cf9-backend2\\src\\models\\user.model.ts","statementMap":{"0":{"start":{"line":1,"column":0},"end":{"line":1,"column":58}},"1":{"start":{"line":22,"column":20},"end":{"line":25,"column":2}},"2":{"start":{"line":27,"column":19},"end":{"line":50,"column":2}},"3":{"start":{"line":52,"column":0},"end":{"line":52,"column":48}}},"fnMap":{},"branchMap":{},"s":{"0":1,"1":1,"2":1,"3":1},"f":{},"b":{}}
,"C:\\Users\\Χριστίνα\\Desktop\\cf9-backend2\\src\\routes\\user.routes.ts": {"path":"C:\\Users\\Χριστίνα\\Desktop\\cf9-backend2\\src\\routes\\user.routes.ts","statementMap":{"0":{"start":{"line":1,"column":0},"end":{"line":1,"column":33}},"1":{"start":{"line":2,"column":0},"end":{"line":2,"column":58}},"2":{"start":{"line":3,"column":0},"end":{"line":3,"column":62}},"3":{"start":{"line":4,"column":0},"end":{"line":4,"column":63}},"4":{"start":{"line":5,"column":0},"end":{"line":5,"column":62}},"5":{"start":{"line":6,"column":0},"end":{"line":6,"column":82}},"6":{"start":{"line":8,"column":15},"end":{"line":8,"column":23}},"7":{"start":{"line":20,"column":0},"end":{"line":20,"column":33}},"8":{"start":{"line":41,"column":0},"end":{"line":41,"column":52}},"9":{"start":{"line":72,"column":0},"end":{"line":72,"column":90}},"10":{"start":{"line":73,"column":0},"end":{"line":73,"column":42}},"11":{"start":{"line":75,"column":0},"end":{"line":75,"column":22}}},"fnMap":{},"branchMap":{},"s":{"0":1,"1":1,"2":1,"3":1,"4":1,"5":1,"6":1,"7":1,"8":1,"9":1,"10":1,"11":1},"f":{},"b":{}}
,"C:\\Users\\Χριστίνα\\Desktop\\cf9-backend2\\src\\services\\user.service.ts": {"path":"C:\\Users\\Χριστίνα\\Desktop\\cf9-backend2\\src\\services\\user.service.ts","statementMap":{"0":{"start":{"line":2,"column":0},"end":{"line":2,"column":49}},"1":{"start":{"line":3,"column":0},"end":{"line":3,"column":33}},"2":{"start":{"line":5,"column":0},"end":{"line":5,"column":28}},"3":{"start":{"line":8,"column":0},"end":{"line":8,"column":42}},"4":{"start":{"line":11,"column":13},"end":{"line":11,"column":69}},"5":{"start":{"line":13,"column":25},"end":{"line":16,"column":1}},"6":{"start":{"line":14,"column":16},"end":{"line":14,"column":39}},"7":{"start":{"line":15,"column":2},"end":{"line":15,"column":15}},"8":{"start":{"line":13,"column":13},"end":{"line":13,"column":25}},"9":{"start":{"line":18,"column":31},"end":{"line":23,"column":1}},"10":{"start":{"line":19,"column":15},"end":{"line":19,"column":47}},"11":{"start":{"line":20,"column":2},"end":{"line":22,"column":3}},"12":{"start":{"line":21,"column":4},"end":{"line":21,"column":16}},"13":{"start":{"line":18,"column":13},"end":{"line":18,"column":31}},"14":{"start":{"line":25,"column":26},"end":{"line":60,"column":1}},"15":{"start":{"line":26,"column":2},"end":{"line":29,"column":3}},"16":{"start":{"line":27,"column":17},"end":{"line":27,"column":65}},"17":{"start":{"line":28,"column":4},"end":{"line":28,"column":28}},"18":{"start":{"line":31,"column":34},"end":{"line":31,"column":36}},"19":{"start":{"line":32,"column":2},"end":{"line":40,"column":3}},"20":{"start":{"line":33,"column":4},"end":{"line":33,"column":62}},"21":{"start":{"line":33,"column":38},"end":{"line":33,"column":60}},"22":{"start":{"line":35,"column":31},"end":{"line":35,"column":67}},"23":{"start":{"line":36,"column":4},"end":{"line":38,"column":5}},"24":{"start":{"line":37,"column":6},"end":{"line":37,"column":null}},"25":{"start":{"line":39,"column":4},"end":{"line":39,"column":27}},"26":{"start":{"line":53,"column":15},"end":{"line":56,"column":4}},"27":{"start":{"line":58,"column":2},"end":{"line":58,"column":null}},"28":{"start":{"line":25,"column":13},"end":{"line":25,"column":26}},"29":{"start":{"line":62,"column":26},"end":{"line":78,"column":1}},"30":{"start":{"line":63,"column":37},"end":{"line":63,"column":39}},"31":{"start":{"line":64,"column":2},"end":{"line":64,"column":77}},"32":{"start":{"line":64,"column":36},"end":{"line":64,"column":77}},"33":{"start":{"line":65,"column":2},"end":{"line":65,"column":74}},"34":{"start":{"line":65,"column":35},"end":{"line":65,"column":74}},"35":{"start":{"line":66,"column":2},"end":{"line":66,"column":65}},"36":{"start":{"line":66,"column":32},"end":{"line":66,"column":65}},"37":{"start":{"line":67,"column":2},"end":{"line":67,"column":71}},"38":{"start":{"line":67,"column":34},"end":{"line":67,"column":71}},"39":{"start":{"line":68,"column":2},"end":{"line":68,"column":65}},"40":{"start":{"line":68,"column":32},"end":{"line":68,"column":65}},"41":{"start":{"line":69,"column":2},"end":{"line":71,"column":3}},"42":{"start":{"line":70,"column":4},"end":{"line":70,"column":75}},"43":{"start":{"line":72,"column":2},"end":{"line":74,"column":3}},"44":{"start":{"line":73,"column":4},"end":{"line":73,"column":71}},"45":{"start":{"line":73,"column":47},"end":{"line":73,"column":69}},"46":{"start":{"line":76,"column":15},"end":{"line":76,"column":61}},"47":{"start":{"line":77,"column":2},"end":{"line":77,"column":14}},"48":{"start":{"line":62,"column":13},"end":{"line":62,"column":26}}},"fnMap":{"0":{"name":"(anonymous_10)","decl":{"start":{"line":13,"column":25},"end":{"line":13,"column":30}},"loc":{"start":{"line":13,"column":35},"end":{"line":16,"column":1}}},"1":{"name":"(anonymous_11)","decl":{"start":{"line":18,"column":31},"end":{"line":18,"column":36}},"loc":{"start":{"line":18,"column":53},"end":{"line":23,"column":1}}},"2":{"name":"(anonymous_12)","decl":{"start":{"line":25,"column":26},"end":{"line":25,"column":31}},"loc":{"start":{"line":25,"column":57},"end":{"line":60,"column":1}}},"3":{"name":"(anonymous_13)","decl":{"start":{"line":33,"column":32},"end":{"line":33,"column":34}},"loc":{"start":{"line":33,"column":38},"end":{"line":33,"column":60}}},"4":{"name":"(anonymous_14)","decl":{"start":{"line":62,"column":26},"end":{"line":62,"column":31}},"loc":{"start":{"line":62,"column":75},"end":{"line":78,"column":1}}},"5":{"name":"(anonymous_15)","decl":{"start":{"line":73,"column":41},"end":{"line":73,"column":43}},"loc":{"start":{"line":73,"column":47},"end":{"line":73,"column":69}}}},"branchMap":{"0":{"loc":{"start":{"line":11,"column":36},"end":{"line":11,"column":67}},"type":"binary-expr","locations":[{"start":{"line":11,"column":36},"end":{"line":11,"column":59}},{"start":{"line":11,"column":63},"end":{"line":11,"column":67}}]},"1":{"loc":{"start":{"line":20,"column":2},"end":{"line":22,"column":3}},"type":"if","locations":[{"start":{"line":20,"column":2},"end":{"line":22,"column":3}},{"start":{},"end":{}}]},"2":{"loc":{"start":{"line":26,"column":2},"end":{"line":29,"column":3}},"type":"if","locations":[{"start":{"line":26,"column":2},"end":{"line":29,"column":3}},{"start":{},"end":{}}]},"3":{"loc":{"start":{"line":32,"column":2},"end":{"line":40,"column":3}},"type":"if","locations":[{"start":{"line":32,"column":2},"end":{"line":40,"column":3}},{"start":{"line":34,"column":9},"end":{"line":40,"column":3}}]},"4":{"loc":{"start":{"line":32,"column":6},"end":{"line":32,"column":47}},"type":"binary-expr","locations":[{"start":{"line":32,"column":6},"end":{"line":32,"column":19}},{"start":{"line":32,"column":23},"end":{"line":32,"column":47}}]},"5":{"loc":{"start":{"line":36,"column":4},"end":{"line":38,"column":5}},"type":"if","locations":[{"start":{"line":36,"column":4},"end":{"line":38,"column":5}},{"start":{},"end":{}}]},"6":{"loc":{"start":{"line":64,"column":2},"end":{"line":64,"column":77}},"type":"if","locations":[{"start":{"line":64,"column":2},"end":{"line":64,"column":77}},{"start":{},"end":{}}]},"7":{"loc":{"start":{"line":65,"column":2},"end":{"line":65,"column":74}},"type":"if","locations":[{"start":{"line":65,"column":2},"end":{"line":65,"column":74}},{"start":{},"end":{}}]},"8":{"loc":{"start":{"line":66,"column":2},"end":{"line":66,"column":65}},"type":"if","locations":[{"start":{"line":66,"column":2},"end":{"line":66,"column":65}},{"start":{},"end":{}}]},"9":{"loc":{"start":{"line":67,"column":2},"end":{"line":67,"column":71}},"type":"if","locations":[{"start":{"line":67,"column":2},"end":{"line":67,"column":71}},{"start":{},"end":{}}]},"10":{"loc":{"start":{"line":68,"column":2},"end":{"line":68,"column":65}},"type":"if","locations":[{"start":{"line":68,"column":2},"end":{"line":68,"column":65}},{"start":{},"end":{}}]},"11":{"loc":{"start":{"line":69,"column":2},"end":{"line":71,"column":3}},"type":"if","locations":[{"start":{"line":69,"column":2},"end":{"line":71,"column":3}},{"start":{},"end":{}}]},"12":{"loc":{"start":{"line":72,"column":2},"end":{"line":74,"column":3}},"type":"if","locations":[{"start":{"line":72,"column":2},"end":{"line":74,"column":3}},{"start":{},"end":{}}]}},"s":{"0":1,"1":1,"2":1,"3":1,"4":1,"5":1,"6":1,"7":1,"8":1,"9":1,"10":0,"11":0,"12":0,"13":1,"14":1,"15":1,"16":1,"17":0,"18":0,"19":0,"20":0,"21":0,"22":0,"23":0,"24":0,"25":0,"26":0,"27":0,"28":1,"29":1,"30":0,"31":0,"32":0,"33":0,"34":0,"35":0,"36":0,"37":0,"38":0,"39":0,"40":0,"41":0,"42":0,"43":0,"44":0,"45":0,"46":0,"47":0,"48":1},"f":{"0":1,"1":0,"2":1,"3":0,"4":0,"5":0},"b":{"0":[1,1],"1":[0,0],"2":[1,0],"3":[0,0],"4":[0,0],"5":[0,0],"6":[0,0],"7":[0,0],"8":[0,0],"9":[0,0],"10":[0,0],"11":[0,0],"12":[0,0]}}
,"C:\\Users\\Χριστίνα\\Desktop\\cf9-backend2\\src\\validators\\user.validator.ts": {"path":"C:\\Users\\Χριστίνα\\Desktop\\cf9-backend2\\src\\validators\\user.validator.ts","statementMap":{"0":{"start":{"line":1,"column":0},"end":{"line":1,"column":22}},"1":{"start":{"line":3,"column":13},"end":{"line":9,"column":null}},"2":{"start":{"line":11,"column":13},"end":{"line":14,"column":null}},"3":{"start":{"line":16,"column":13},"end":{"line":25,"column":null}},"4":{"start":{"line":27,"column":13},"end":{"line":27,"column":null}}},"fnMap":{},"branchMap":{},"s":{"0":1,"1":1,"2":1,"3":1,"4":1},"f":{},"b":{}}
}
